  0.26000000000000001        2020.0952191785173     
  0.27000000000000002        1951.2161675624936     
  0.28000000000000003        1882.0423185821410     
  0.28999999999999998        1812.7475835313271     
  0.29999999999999999        1743.4999852943358     
  0.31000000000000000        1674.4610886338955     
  0.32000000000000001        1605.7855027297053     
  0.33000000000000002        1537.6204558428030     
  0.33999999999999997        1470.1054411749594     
  0.34999999999999998        1403.3719322459265     
  0.35999999999999999        1337.5431654351971     
  0.37000000000000000        1272.7339867375929     
  0.38000000000000000        1209.0507592705526     
  0.39000000000000001        1146.5913276498197     
  0.40000000000000002        1085.4450350226277     
  0.41000000000000003        1025.6927883135568     
  0.42000000000000004        967.40716709657841     
  0.42999999999999999        910.65257145378473     
  0.44000000000000000        855.48540421104485     
  0.45000000000000001        801.95428304626751     
  0.45999999999999996        750.10027813787053     
  0.46999999999999997        699.95717124962232     
  0.47999999999999998        651.55173242214948     
  0.48999999999999999        604.90401074981799     
  0.50000000000000000        560.02763605262999     
  0.51000000000000001        516.93012859540727     
  0.52000000000000002        475.61321434972206     
  0.53000000000000003        436.07314362850377     
  0.54000000000000004        398.30101124038924     
  0.55000000000000004        362.28307660350390     
  0.56000000000000005        328.00108252128098     
  0.57000000000000006        295.43257155203509     
  0.58000000000000007        264.55119909732235     
  0.59000000000000008        235.32704249091057     
  0.60000000000000009        207.72690549154086     
  0.60999999999999999        181.71461767049584     
  0.62000000000000000        157.25132824280720     
  0.63000000000000000        134.29579392282673     
  0.64000000000000001        112.80466039519821     
  0.65000000000000002        92.732736986704182     
  0.66000000000000003        74.033264107293832     
  0.66999999999999993        56.658173005464043     
  0.67999999999999994        40.558337358313359     
  0.68999999999999995        25.683816194149120     
  0.69999999999999996        11.984087629123447     
  0.70999999999999996      -0.59172710832996245     
  0.71999999999999997       -12.094649888511412     
  0.72999999999999998       -22.575642634980333     
  0.73999999999999999       -32.085415503075424     
  0.75000000000000000       -40.674246722609311     
  0.76000000000000001       -48.391814492904096     
  0.77000000000000002       -55.287041255626903     
  0.78000000000000003       -61.407950598925112     
  0.79000000000000004       -66.801536967335196     
  0.80000000000000004       -71.513648267382052     
  0.81000000000000005       -75.588881371214114     
  0.82000000000000006       -79.070490431836973     
  0.82999999999999996       -82.000307835687266     
  0.83999999999999997       -84.418677533171760     
  0.84999999999999998       -86.364400407126865     
  0.85999999999999999       -87.874691264317960     
  0.87000000000000000       -88.985146967322535     
  0.88000000000000000       -89.729725164278591     
  0.89000000000000001       -90.140733022759562     
  0.90000000000000002       -90.248825331828243     
  0.91000000000000003       -90.083011303277161     
  0.92000000000000004       -89.670669379166412     
  0.93000000000000005       -89.037569337765561     
  0.94000000000000006       -88.207900983494540     
  0.95000000000000007       -87.204308707905838     
  0.95999999999999996       -86.047931217504811     
  0.96999999999999997       -84.758445739588282     
  0.97999999999999998       -83.354116038472910     
  0.98999999999999999       -81.851843600717757     
   1.0000000000000000       -80.267221378427848     
   1.0100000000000000       -78.614589513626370     
   1.0200000000000000       -76.907092503271485     
   1.0300000000000000       -75.156737303035413     
   1.0400000000000000       -73.374451907760971     
   1.0500000000000000       -71.570143986975125     
   1.0600000000000001       -69.752759194371379     
   1.0700000000000001       -67.930338810309323     
   1.0800000000000001       -66.110076415662206     
   1.0899999999999999       -64.298373333413025     
   1.1000000000000001       -62.500892610930684     
   1.1099999999999999       -60.722611350649927     
   1.1200000000000001       -58.967871229641389     
   1.1299999999999999       -57.240427079274582     
   1.1400000000000001       -55.543493424624572     
   1.1499999999999999       -53.879788909493982     
   1.1600000000000001       -52.251578556834538     
   1.1699999999999999       -50.660713836010423     
   1.1800000000000002       -49.108670527761362     
   1.1899999999999999       -47.596584394981839     
   1.2000000000000002       -46.125284682604097     
   1.2100000000000000       -44.695325483064934     
   1.2200000000000000       -43.307015015145893     
   1.2300000000000000       -41.960442873537282     
   1.2400000000000000       -40.655505314399583     
   1.2500000000000000       -39.391928648610275     
   1.2600000000000000       -38.169290819424745     
   1.2700000000000000       -36.987041245056048     
   1.2800000000000000       -35.844519009336821     
   1.2900000000000000       -34.740969485259747     
   1.3000000000000000       -33.675559476944123     
   1.3100000000000001       -32.647390965525418     
   1.3200000000000001       -31.655513543743353     
   1.3300000000000001       -30.698935622684903     
   1.3400000000000001       -29.776634492322849     
   1.3500000000000001       -28.887565315262496     
   1.3600000000000001       -28.030669130534434     
   1.3700000000000001       -27.204879941425606     
   1.3800000000000001       -26.409130958290113     
   1.3900000000000001       -25.642360064063986     
   1.4000000000000001       -24.903514566895744     
   1.4099999999999999       -24.191555300925010     
   1.4199999999999999       -23.505460132834610     
   1.4299999999999999       -22.844226928408979     
   1.4399999999999999       -22.206876029970619     
   1.4500000000000000       -21.592452292266934     
   1.4600000000000000       -21.000026721162577     
   1.4700000000000000       -20.428697756367146     
   1.4800000000000000       -19.877592236417158     
   1.4900000000000000       -19.345866081235513     
   1.5000000000000000       -18.832704724826485     
   1.5100000000000000       -18.337323328028475     
   1.5200000000000000       -17.858966798750295     
   1.5300000000000000       -17.396909644752704     
   1.5400000000000000       -16.950455681815679     
   1.5500000000000000       -16.518937618043086     
   1.5600000000000001       -16.101716533101872     
   1.5700000000000001       -15.698181269372325     
   1.5800000000000001       -15.307747750288346     
   1.5900000000000001       -14.929858239574630     
   1.6000000000000001       -14.563980553632092     
   1.6100000000000001       -14.209607237980642     
   1.6200000000000001       -13.866254717432874     
   1.6300000000000001       -13.533462428538947     
   1.6400000000000001       -13.210791941805278     
   1.6500000000000001       -12.897826080242648     
   1.6599999999999999       -12.594168039938074     
   1.6699999999999999       -12.299440517560949     
   1.6799999999999999       -12.013284849007242     
   1.6899999999999999       -11.735360162744358     
   1.7000000000000000       -11.465342550845723     
   1.7100000000000000       -11.202924260186055     
   1.7200000000000000       -10.947812905808439     
   1.7300000000000000       -10.699730708061489     
   1.7400000000000000       -10.458413754741059     
   1.7500000000000000       -10.223611289146744     
   1.7600000000000000       -9.9950850246806535     
   1.7700000000000000       -9.7726084863653000     
   1.7800000000000000       -9.5559663794417578     
   1.7900000000000000       -9.3449539850201297     
   1.8000000000000000       -9.1393765825932327     
   1.8100000000000001       -8.9390488990856252     
   1.8200000000000001       -8.7437945839936599     
   1.8300000000000001       -8.5534457100740227     
   1.8400000000000001       -8.3678422989576795     
   1.8500000000000001       -8.1868318710002388     
   1.8600000000000001       -8.0102690186279180     
   1.8700000000000001       -7.8380150023979906     
   1.8800000000000001       -7.6699373689628869     
   1.8900000000000001       -7.5059095901069517     
   1.9000000000000001       -7.3458107220121658     
   1.9100000000000001       -7.1895250839043268     
   1.9199999999999999       -7.0369419552314687     
   1.9299999999999999       -6.8879552905325028     
   1.9399999999999999       -6.7424634511644701     
   1.9500000000000000       -6.6003689530707836     
   1.9600000000000000       -6.4615782297900903     
   1.9700000000000000       -6.3260014099254320     
   1.9800000000000000       -6.1935521083147629     
   1.9900000000000000       -6.0641472301679045     
   2.0000000000000000       -5.9377067874596214     
   2.0099999999999998       -5.8141537268938679     
   2.0200000000000000       -5.6934137687811726     
   2.0300000000000002       -5.5754152561974371     
   2.0400000000000000       -5.4600890138191485     
   2.0499999999999998       -5.3473682158572498     
   2.0600000000000001       -5.2371882625381234     
   2.0700000000000003       -5.1294866646065476     
   2.0800000000000001       -5.0242029353512709     
   2.0899999999999999       -4.9212784896789330     
   2.1000000000000001       -4.8206565497869542     
   2.1100000000000003       -4.7222820570096218     
   2.1200000000000001       -4.6261015894347528     
   2.1299999999999999       -4.5320632849108877     
   2.1400000000000001       -4.4401167690862886     
   2.1500000000000004       -4.3502130881416878     
   2.1600000000000001       -4.2623046458988130     
   2.1699999999999999       -4.1763451450053646     
   2.1799999999999997       -4.0922895319156156     
   2.1899999999999999       -4.0100939454028222     
   2.2000000000000002       -3.9297156683563030     
   2.2100000000000000       -3.8511130826316227     
   2.2199999999999998       -3.7742456267370823     
   2.2300000000000000       -3.6990737561541454     
   2.2400000000000002       -3.6255589061023157     
   2.2500000000000000       -3.5536634565719218     
   2.2600000000000002       -3.4833506994601082     
   2.2700000000000000       -3.4145848076564125     
   2.2800000000000002       -3.3473308059351101     
   2.2900000000000000       -3.2815545435212750     
   2.2999999999999998       -3.2172226682070164     
   2.3100000000000001       -3.1543026019029838     
   2.3199999999999998       -3.0927625175186906     
   2.3300000000000001       -3.0325713170726534     
   2.3399999999999999       -2.9736986109409242     
   2.3500000000000001       -2.9161146981590003     
   2.3599999999999999       -2.8597905476987733     
   2.3700000000000001       -2.8046977806477966     
   2.3799999999999999       -2.7508086532238702     
   2.3900000000000001       -2.6980960405630006     
   2.3999999999999999       -2.6465334212235119     
   2.4100000000000001       -2.5960948623537461     
   2.4199999999999999       -2.5467550054746941     
   2.4300000000000002       -2.4984890528329018     
   2.4399999999999999       -2.4512727542825585     
   2.4500000000000002       -2.4050823946588920     
   2.4600000000000000       -2.3598947816081974     
   2.4700000000000002       -2.3156872338425813     
   2.4800000000000000       -2.2724375697901471     
   2.4900000000000002       -2.2301240966138316     
   2.5000000000000000       -2.1887255995742816     
   2.5100000000000002       -2.1482213317142631     
   2.5200000000000000       -2.1085910038440532     
   2.5300000000000002       -2.0698147748089002     
   2.5400000000000000       -2.0318732420214340     
   2.5500000000000003       -1.9947474322432102     
   2.5600000000000001       -1.9584187926011052     
   2.5699999999999998       -1.9228691818254191     
   2.5800000000000001       -1.8880808616977589     
   2.5899999999999999       -1.8540364886978138     
   2.6000000000000001       -1.8207191058390562     
   2.6099999999999999       -1.7881121346843900     
   2.6200000000000001       -1.7561993675334371     
   2.6299999999999999       -1.7249649597739849     
   2.6400000000000001       -1.6943934223907817     
   2.6499999999999999       -1.6644696146253870     
   2.6600000000000001       -1.6351787367814532     
   2.6699999999999999       -1.6065063231702537     
   2.6800000000000002       -1.5784382351916983     
   2.6899999999999999       -1.5509606545465757     
   2.7000000000000002       -1.5240600765760359     
   2.7100000000000000       -1.4977233037247506     
   2.7200000000000002       -1.4719374391244073     
   2.7300000000000000       -1.4466898802945383     
   2.7400000000000002       -1.4219683129578555     
   2.7500000000000000       -1.3977607049675784     
   2.7600000000000002       -1.3740553003442983     
   2.7700000000000000       -1.3508406134202593     
   2.7800000000000002       -1.3281054230889231     
   2.7900000000000000       -1.3058387671579867     
   2.8000000000000003       -1.2840299368039823     
   2.8100000000000001       -1.2626684711268439     
   2.8199999999999998       -1.2417441518027947     
   2.8300000000000001       -1.2212469978340832     
   2.8399999999999999       -1.2011672603941213     
   2.8500000000000001       -1.1814954177666319     
   2.8599999999999999       -1.1622221703775300     
   2.8700000000000001       -1.1433384359182115     
   2.8799999999999999       -1.1248353445590675     
   2.8900000000000001       -1.1067042342519899     
   2.8999999999999999       -1.0889366461207257     
   2.9100000000000001       -1.0715243199379152     
   2.9199999999999999       -1.0544591896877085     
   2.9300000000000002       -1.0377333792128463     
   2.9399999999999999       -1.0213391979451079     
   2.9500000000000002       -1.0052691367180580     
   2.9600000000000000      -0.98951586366101185     
   2.9700000000000002      -0.97407222017315809     
   2.9800000000000000      -0.95893121697677441     
   2.9900000000000002      -0.94408603024849602     
   3.0000000000000000      -0.92952999782757084     
   3.0100000000000002      -0.91525661550005410     
   3.0200000000000000      -0.90125953335791531     
   3.0300000000000002      -0.88753255223197769     
   3.0400000000000000      -0.87406962019767775     
   3.0500000000000003      -0.86086482915258111     
   3.0600000000000001      -0.84791241146461926     
   3.0699999999999998      -0.83520673668999901     
   3.0800000000000001      -0.82274230835975082     
   3.0899999999999999      -0.81051376083386539     
   3.1000000000000001      -0.79851585622198584     
   3.1099999999999999      -0.78674348136960914     
   3.1200000000000001      -0.77519164490877135     
   3.1299999999999999      -0.76385547437216972     
   3.1400000000000001      -0.75273021336969881     
   3.1499999999999999      -0.74181121882636580     
   3.1600000000000001      -0.73109395828056312     
   3.1699999999999999      -0.72057400724168241     
   3.1800000000000002      -0.71024704660603100     
   3.1899999999999999      -0.70010886013007290     
   3.2000000000000002      -0.69015533195995371     
   3.2100000000000000      -0.68038244421633354     
   3.2200000000000002      -0.67078627463351703     
   3.2300000000000000      -0.66136299425190626     
   3.2400000000000002      -0.65210886516277700     
   3.2500000000000000      -0.64302023830443189     
   3.2600000000000002      -0.63409355130873535     
   3.2700000000000000      -0.62532532639710015     
   3.2800000000000002      -0.61671216832495557     
   3.2900000000000000      -0.60825076237377829     
   3.3000000000000003      -0.59993787238973517     
   3.3100000000000001      -0.59177033886804054     
   3.3200000000000003      -0.58374507708209611     
   3.3300000000000001      -0.57585907525653601     
   3.3399999999999999      -0.56810939278326511     
   3.3500000000000001      -0.56049315847963377     
   3.3599999999999999      -0.55300756888786773     
   3.3700000000000001      -0.54564988661490255     
   3.3799999999999999      -0.53841743871177661     
   3.3900000000000001      -0.53130761509175217     
   3.3999999999999999      -0.52431786698634186     
   3.4100000000000001      -0.51744570543842672     
   3.4199999999999999      -0.51068869983167908     
   3.4300000000000002      -0.50404447645549111     
   3.4399999999999999      -0.49751071710464795     
   3.4500000000000002      -0.49108515771297623     
   3.4600000000000000      -0.48476558702022216     
   3.4700000000000002      -0.47854984527142069     
   3.4800000000000000      -0.47243582294803521     
   3.4900000000000002      -0.46642145953014924     
   3.5000000000000000      -0.46050474228901433     
   3.5100000000000002      -0.45468370510926609     
   3.5200000000000000      -0.44895642734013269     
   3.5300000000000002      -0.44332103267496692     
   3.5400000000000000      -0.43777568805846229     
   3.5500000000000003      -0.43231860262089938     
   3.5600000000000001      -0.42694802663880899     
   3.5700000000000003      -0.42166225052142198     
   3.5800000000000001      -0.41645960382232011     
   3.5899999999999999      -0.41133845427567578     
   3.6000000000000001      -0.40629720685651727     
   3.6099999999999999      -0.40133430286444155     
   3.6200000000000001      -0.39644821903021865     
   3.6299999999999999      -0.39163746664474425     
   3.6400000000000001      -0.38690059070980060     
   3.6499999999999999      -0.38223616911011021     
   3.6600000000000001      -0.37764281180615628     
   3.6699999999999999      -0.37311916004728213     
   3.6800000000000002      -0.36866388560456598     
   3.6899999999999999      -0.36427569002299892     
   3.7000000000000002      -0.35995330389248714     
   3.7100000000000000      -0.35569548613722535     
   3.7200000000000002      -0.35150102332298588     
   3.7300000000000000      -0.34736872898188309     
   3.7400000000000002      -0.34329744295418591     
   3.7500000000000000      -0.33928603074675262     
   3.7600000000000002      -0.33533338290767728     
   3.7700000000000000      -0.33143841441674821     
   3.7800000000000002      -0.32760006409131981     
   3.7900000000000000      -0.32381729400721881     
   3.8000000000000003      -0.32008908893430216     
   3.8100000000000001      -0.31641445578630956     
   3.8200000000000003      -0.31279242308464000     
   3.8300000000000001      -0.30922204043571311     
   3.8399999999999999      -0.30570237802156569     
   3.8500000000000001      -0.30223252610335322     
   3.8599999999999999      -0.29881159453743100     
   3.8700000000000001      -0.29543871230368979     
   3.8799999999999999      -0.29211302704584724     
   3.8900000000000001      -0.28883370462337898     
   3.8999999999999999      -0.28559992867480255     
   3.9100000000000001      -0.28241090019201992     
   3.9199999999999999      -0.27926583710544078     
   3.9300000000000002      -0.27616397387960573     
   3.9399999999999999      -0.27310456111905007     
   3.9500000000000002      -0.27008686518413516     
   3.9600000000000000      -0.26711016781660218     
   3.9700000000000002      -0.26417376577459217     
   3.9800000000000000      -0.26127697047689402     
   3.9900000000000002      -0.25841910765617870     
   4.0000000000000000      -0.25559951702099581     
   4.0099999999999998      -0.25281755192629757     
   4.0199999999999996      -0.25007257905228042     
   4.0300000000000002      -0.24736397809132324     
   4.0400000000000000      -0.24469114144281603     
   4.0500000000000007      -0.24205347391567483     
   4.0600000000000005      -0.23945039243834657     
   4.0700000000000003      -0.23688132577610577     
   4.0800000000000001      -0.23434571425546052     
   4.0899999999999999      -0.23184300949547951     
   4.0999999999999996      -0.22937267414586227     
   4.1099999999999994      -0.22693418163158063     
   4.1200000000000001      -0.22452701590391697     
   4.1299999999999999      -0.22215067119773788     
   4.1400000000000006      -0.21980465179483832     
   4.1500000000000004      -0.21748847179320227     
   4.1600000000000001      -0.21520165488202345     
   4.1699999999999999      -0.21294373412234002     
   4.1799999999999997      -0.21071425173313466     
   4.1899999999999995      -0.20851275888276155     
   4.2000000000000002      -0.20633881548555921     
   4.2100000000000000      -0.20419199000351815     
   4.2200000000000006      -0.20207185925286747     
   4.2300000000000004      -0.19997800821545983     
   4.2400000000000002      -0.19791002985482337     
   4.2500000000000000      -0.19586752493676465     
   4.2599999999999998      -0.19385010185440255     
   4.2700000000000005      -0.19185737645751882     
   4.2800000000000002      -0.18988897188611484     
   4.2900000000000000      -0.18794451840806184     
   4.2999999999999998      -0.18602365326074391     
   4.3100000000000005      -0.18412602049658666     
   4.3200000000000003      -0.18225127083237341     
   4.3300000000000001      -0.18039906150224733     
   4.3399999999999999      -0.17856905611431081     
   4.3499999999999996      -0.17676092451072223     
   4.3600000000000003      -0.17497434263120376     
   4.3700000000000001      -0.17320899237987247     
   4.3799999999999999      -0.17146456149530587     
   4.3899999999999997      -0.16974074342376183     
   4.4000000000000004      -0.16803723719547078     
   4.4100000000000001      -0.16635374730392030     
   4.4199999999999999      -0.16468998358805376     
   4.4299999999999997      -0.16304566111731300     
   4.4400000000000004      -0.16142050007944658     
   4.4500000000000002      -0.15981422567101597     
   4.4600000000000000      -0.15822656799052820     
   4.4699999999999998      -0.15665726193413018     
   4.4800000000000004      -0.15510604709379677     
   4.4900000000000002      -0.15357266765794997     
   4.5000000000000000      -0.15205687231444687     
   4.5099999999999998      -0.15055841415587537     
   4.5200000000000005      -0.14907705058709991     
   4.5300000000000002      -0.14761254323499831     
   4.5400000000000000      -0.14616465786033464     
   4.5499999999999998      -0.14473316427171462     
   4.5600000000000005      -0.14331783624156796     
   4.5700000000000003      -0.14191845142411072     
   4.5800000000000001      -0.14053479127523080     
   4.5899999999999999      -0.13916664097425505     
   4.6000000000000005      -0.13781378934754457     
   4.6100000000000003      -0.13647602879387585     
   4.6200000000000001      -0.13515315521155946     
   4.6299999999999999      -0.13384496792725528     
   4.6399999999999997      -0.13255126962643918     
   4.6500000000000004      -0.13127186628548129     
   4.6600000000000001      -0.13000656710529460     
   4.6699999999999999      -0.12875518444651304     
   4.6799999999999997      -0.12751753376616420     
   4.6900000000000004      -0.12629343355579456     
   4.7000000000000002      -0.12508270528101603     
   4.7100000000000000      -0.12388517332243335     
   4.7199999999999998      -0.12270066491792049     
   4.7300000000000004      -0.12152901010621349     
   4.7400000000000002      -0.12037004167178363     
   4.7500000000000000      -0.11922359509096168     
   4.7599999999999998      -0.11808950847928171     
   4.7700000000000005      -0.11696762254001306     
   4.7800000000000002      -0.11585778051385315     
   4.7900000000000000      -0.11475982812974941     
   4.7999999999999998      -0.11367361355682577     
   4.8100000000000005      -0.11259898735738402     
   4.8200000000000003      -0.11153580244095468     
   4.8300000000000001      -0.11048391401937112     
   4.8399999999999999      -0.10944317956284243     
   4.8500000000000005      -0.10841345875699931     
   4.8600000000000003      -0.10739461346089134     
   4.8700000000000001      -0.10638650766590960     
   4.8799999999999999      -0.10538900745561382     
   4.8899999999999997      -0.10440198096644289     
   4.9000000000000004      -0.10342529834928423     
   4.9100000000000001      -0.10245883173188444     
   4.9199999999999999      -0.10150245518207836     
   4.9299999999999997      -0.10055604467181847     
   4.9400000000000004       -9.9619478041984025E-002
   4.9500000000000002       -9.8692634967952150E-002
   4.9600000000000000       -9.7775396925911626E-002
   4.9699999999999998       -9.6867647159902037E-002
   4.9800000000000004       -9.5969270649561109E-002
   4.9900000000000002       -9.5080154078562670E-002
   5.0000000000000000       -9.4200185803728645E-002
   5.0099999999999998       -9.3329255824800200E-002
   5.0200000000000005       -9.2467255754850347E-002
   5.0300000000000002       -9.1614078791325451E-002
   5.0400000000000000       -9.0769619687697006E-002
   5.0499999999999998       -8.9933774725713414E-002
   5.0600000000000005       -8.9106441688234117E-002
   5.0700000000000003       -8.8287519832634484E-002
   5.0800000000000001       -8.7476909864766680E-002
   5.0899999999999999       -8.6674513913464341E-002
   5.1000000000000005       -8.5880235505577981E-002
   5.1100000000000003       -8.5093979541528392E-002
   5.1200000000000001       -8.4315652271366448E-002
   5.1299999999999999       -8.3545161271326829E-002
   5.1399999999999997       -8.2782415420865230E-002
   5.1500000000000004       -8.2027324880166189E-002
   5.1600000000000001       -8.1279801068113000E-002
   5.1699999999999999       -8.0539756640705881E-002
   5.1799999999999997       -7.9807105469920717E-002
   5.1900000000000004       -7.9081762622997390E-002
   5.2000000000000002       -7.8363644342147237E-002
   5.2100000000000000       -7.7652668024670329E-002
   5.2199999999999998       -7.6948752203473539E-002
   5.2300000000000004       -7.6251816527979979E-002
   5.2400000000000002       -7.5561781745420720E-002
   5.2500000000000000       -7.4878569682500368E-002
