  0.26000000000000001        1972.9451520357513     
  0.27000000000000002        1903.2792135989077     
  0.28000000000000003        1833.3481969417439     
  0.28999999999999998        1763.3299394717760     
  0.29999999999999999        1693.3961629969494     
  0.31000000000000000        1623.7118868581686     
  0.32000000000000001        1554.4349153824144     
  0.33000000000000002        1485.7153995963911     
  0.33999999999999997        1417.6954723146578     
  0.34999999999999998        1350.5089549501499     
  0.35999999999999999        1284.2811336993557     
  0.37000000000000000        1219.1286021380770     
  0.38000000000000000        1155.1591667338423     
  0.39000000000000001        1092.4718113422168     
  0.40000000000000002        1031.1567164099092     
  0.41000000000000003        971.29532835794043     
  0.42000000000000004        912.96047446195132     
  0.42999999999999999        856.21651848044951     
  0.44000000000000000        801.11955229967691     
  0.45000000000000001        747.71761895884208     
  0.45999999999999996        696.05096258255446     
  0.46999999999999997        646.15230096867356     
  0.47999999999999998        598.04711684837321     
  0.48999999999999999        551.75396413982389     
  0.50000000000000000        507.28478584568785     
  0.51000000000000001        464.64524058684077     
  0.52000000000000002        423.83503510914954     
  0.53000000000000003        384.84826043745437     
  0.54000000000000004        347.67372967242392     
  0.55000000000000004        312.29531572438844     
  0.56000000000000005        278.69228754831607     
  0.57000000000000006        246.83964368153983     
  0.58000000000000007        216.70844208852463     
  0.59000000000000008        188.26612548400448     
  0.60000000000000009        161.47684143813268     
  0.60999999999999999        136.30175666660963     
  0.62000000000000000        112.69936497840298     
  0.63000000000000000        90.625788397586405     
  0.64000000000000001        70.035070998141535     
  0.65000000000000002        50.879464996865821     
  0.66000000000000003        33.109708643893669     
  0.66999999999999993        16.675295438295329     
  0.67999999999999994        1.5247341818814875     
  0.68999999999999995       -12.394200628263970     
  0.69999999999999996       -25.134228575323295     
  0.70999999999999996       -36.748333772613037     
  0.71999999999999997       -47.289546483687246     
  0.72999999999999998       -56.810736386908651     
  0.73999999999999999       -65.364417925588327     
  0.75000000000000000       -73.002568139831581     
  0.76000000000000001       -79.776457320444791     
  0.77000000000000002       -85.736492759636363     
  0.78000000000000003       -90.932075799179515     
  0.79000000000000004       -95.411472296337251     
  0.80000000000000004       -99.221696542647010     
  0.81000000000000005       -102.40840858308833     
  0.82000000000000006       -105.01582479494223     
  0.82999999999999996       -107.08664149890296     
  0.83999999999999997       -108.66197129140016     
  0.84999999999999998       -109.78129170830310     
  0.85999999999999999       -110.48240575753751     
  0.87000000000000000       -110.80141379281403     
  0.88000000000000000       -110.77269614343855     
  0.89000000000000001       -110.42890586673117     
  0.90000000000000002       -109.80097095023822     
  0.91000000000000003       -108.91810526079416     
  0.92000000000000004       -107.80782751652053     
  0.93000000000000005       -106.49598754574983     
  0.94000000000000006       -105.00679909320380     
  0.95000000000000007       -103.36287843797902     
  0.95999999999999996       -101.58528809932743     
  0.96999999999999997       -99.693584924168576     
  0.97999999999999998       -97.705871873901657     
  0.98999999999999999       -95.638852856620161     
   1.0000000000000000       -93.507889983473945     
   1.0100000000000000       -91.327062663834838     
   1.0200000000000000       -89.109227992370592     
   1.0300000000000000       -86.866081921382957     
   1.0400000000000000       -84.608220753124101     
   1.0500000000000000       -82.345202528683942     
   1.0600000000000001       -80.085607931844834     
   1.0700000000000001       -77.837100367572518     
   1.0800000000000001       -75.606484915097340     
   1.0899999999999999       -73.399765894489903     
   1.1000000000000001       -71.222202822926604     
   1.1099999999999999       -69.078364572285054     
   1.1200000000000001       -66.972181573018418     
   1.1299999999999999       -64.906995940428658     
   1.1400000000000001       -62.885609428269312     
   1.1499999999999999       -60.910329141114822     
   1.1600000000000001       -58.983010961055285     
   1.1699999999999999       -57.105100666079110     
   1.1800000000000002       -55.277672737005197     
   1.1899999999999999       -53.501466867117223     
   1.2000000000000002       -51.776922203807828     
   1.2100000000000000       -50.104209364676677     
   1.2200000000000000       -48.483260281743092     
   1.2300000000000000       -46.913795936872361     
   1.2400000000000000       -45.395352059288086     
   1.2500000000000000       -43.927302862287462     
   1.2600000000000000       -42.508882901128047     
   1.2700000000000000       -41.139207137628631     
   1.2800000000000000       -39.817289299471987     
   1.2900000000000000       -38.542058623609400     
   1.3000000000000000       -37.312375073692181     
   1.3100000000000001       -36.127043121175525     
   1.3200000000000001       -34.984824178789459     
   1.3300000000000001       -33.884447773523767     
   1.3400000000000001       -32.824621544232656     
   1.3500000000000001       -31.804040146514872     
   1.3600000000000001       -30.821393144734028     
   1.3700000000000001       -29.875371967987768     
   1.3800000000000001       -28.964676003580294     
   1.3900000000000001       -28.088017898139604     
   1.4000000000000001       -27.244128133020546     
   1.4099999999999999       -26.431758937075745     
   1.4199999999999999       -25.649687596298730     
   1.4299999999999999       -24.896719216288854     
   1.4399999999999999       -24.171688989973081     
   1.4500000000000000       -23.473464019575747     
   1.4600000000000000       -22.800944738474264     
   1.4700000000000000       -22.153065975325976     
   1.4800000000000000       -21.528797699721395     
   1.4900000000000000       -20.927145485612307     
   1.5000000000000000       -20.347150725894853     
   1.5100000000000000       -19.787890628796166     
   1.5200000000000000       -19.248478024128367     
   1.5300000000000000       -18.728061005027932     
   1.5400000000000000       -18.225822428502340     
   1.5500000000000000       -17.740979295948289     
   1.5600000000000001       -17.272782032788225     
   1.5700000000000001       -16.820513684494244     
   1.5800000000000001       -16.383489044518367     
   1.5900000000000001       -15.961053728029231     
   1.6000000000000001       -15.552583203856727     
   1.6100000000000001       -15.157481795665580     
   1.6200000000000001       -14.775181662108892     
   1.6300000000000001       -14.405141764548445     
   1.6400000000000001       -14.046846829863670     
   1.6500000000000001       -13.699806314899742     
   1.6599999999999999       -13.363553378222740     
   1.6699999999999999       -13.037643864047160     
   1.6799999999999999       -12.721655302478082     
   1.6899999999999999       -12.415185929554982     
   1.7000000000000000       -12.117853729998581     
   1.7100000000000000       -11.829295505033809     
   1.7200000000000000       -11.549165967193471     
   1.7300000000000000       -11.277136863587428     
   1.7400000000000000       -11.012896128752427     
   1.7500000000000000       -10.756147067869131     
   1.7600000000000000       -10.506607570846654     
   1.7700000000000000       -10.264009357521898     
   1.7800000000000000       -10.028097254003718     
   1.7900000000000000       -9.7986285000020281     
   1.8000000000000000       -9.5753720868207441     
   1.8100000000000001       -9.3581081255551339     
   1.8200000000000001       -9.1466272449186974     
   1.8300000000000001       -8.9407300180279439     
   1.8400000000000001       -8.7402264173946964     
   1.8500000000000001       -8.5449352973118291     
   1.8600000000000001       -8.3546839027689277     
   1.8700000000000001       -8.1693074039967613     
   1.8800000000000001       -7.9886484557125668     
   1.8900000000000001       -7.8125567801210254     
   1.9000000000000001       -7.6408887727162202     
   1.9100000000000001       -7.4735071299282829     
   1.9199999999999999       -7.3102804976620233     
   1.9299999999999999       -7.1510831397843262     
   1.9399999999999999       -6.9957946256308956     
   1.9500000000000000       -6.8442995356202241     
   1.9600000000000000       -6.6964871840832929     
   1.9700000000000000       -6.5522513584408104     
   1.9800000000000000       -6.4114900738845018     
   1.9900000000000000       -6.2741053427461573     
   2.0000000000000000       -6.1400029577659430     
   2.0099999999999998       -6.0090922884999216     
   2.0200000000000000       -5.8812860901366859     
   2.0300000000000002       -5.7565003240222739     
   2.0400000000000000       -5.6346539892221097     
   2.0499999999999998       -5.5156689644787829     
   2.0600000000000001       -5.3994698599533741     
   2.0700000000000003       -5.2859838781670634     
   2.0800000000000001       -5.1751406835881042     
   2.0899999999999999       -5.0668722803367467     
   2.1000000000000001       -4.9611128975079728     
   2.1100000000000003       -4.8577988816378008     
   2.1200000000000001       -4.7568685958642218     
   2.1299999999999999       -4.6582623253585620     
   2.1400000000000001       -4.5619221886263883     
   2.1500000000000004       -4.4677920542996894     
   2.1600000000000001       -4.3758174630640259     
   2.1699999999999999       -4.2859455543847842     
   2.1799999999999997       -4.1981249977168629     
   2.1899999999999999       -4.1123059279008016     
   2.2000000000000002       -4.0284398844665956     
   2.2100000000000000       -3.9464797545835135     
   2.2199999999999998       -3.8663797194104585     
   2.2300000000000000       -3.7880952036171953     
   2.2400000000000002       -3.7115828278609766     
   2.2500000000000000       -3.6368003640172843     
   2.2600000000000002       -3.5637066929764543     
   2.2700000000000000       -3.4922617648301544     
   2.2800000000000002       -3.4224265612835962     
   2.2900000000000000       -3.3541630601401442     
   2.2999999999999998       -3.2874342017155018     
   2.3100000000000001       -3.2222038570482128     
   2.3199999999999998       -3.1584367977825853     
   2.3300000000000001       -3.0960986676084334     
   2.3399999999999999       -3.0351559551504321     
   2.3500000000000001       -2.9755759682070551     
   2.3599999999999999       -2.9173268092464899     
   2.3700000000000001       -2.8603773520732290     
   2.3799999999999999       -2.8046972195854285     
   2.3900000000000001       -2.7502567625488203     
   2.3999999999999999       -2.6970270393182836     
   2.4100000000000001       -2.6449797964434070     
   2.4199999999999999       -2.5940874500988427     
   2.4300000000000002       -2.5443230682847511     
   2.4399999999999999       -2.4956603537467035     
   2.4500000000000002       -2.4480736275680983     
   2.4600000000000000       -2.4015378133917817     
   2.4700000000000002       -2.3560284222307515     
   2.4800000000000000       -2.3115215378308651     
   2.4900000000000002       -2.2679938025513424     
   2.5000000000000000       -2.2254224037313892     
   2.5100000000000002       -2.1837850605137219     
   2.5200000000000000       -2.1430600110980600     
   2.5300000000000002       -2.1032260003995913     
   2.5400000000000000       -2.0642622680895211     
   2.5500000000000003       -2.0261485369963834     
   2.5600000000000001       -1.9888650018486107     
   2.5699999999999998       -1.9523923183402347     
   2.5800000000000001       -1.9167115925030616     
   2.5899999999999999       -1.8818043703699256     
   2.6000000000000001       -1.8476526279147698     
   2.6099999999999999       -1.8142387612564919     
   2.6200000000000001       -1.7815455771143665     
   2.6299999999999999       -1.7495562835038678     
   2.6400000000000001       -1.7182544806625621     
   2.6499999999999999       -1.6876241521964264     
   2.6600000000000001       -1.6576496564377832     
   2.6699999999999999       -1.6283157180066266     
   2.6800000000000002       -1.5996074195676919     
   2.6899999999999999       -1.5715101937762546     
   2.7000000000000002       -1.5440098154060486     
   2.7100000000000000       -1.5170923936532457     
   2.7200000000000002       -1.4907443646107696     
   2.7300000000000000       -1.4649524839076848     
   2.7400000000000002       -1.4397038195086671     
   2.7500000000000000       -1.4149857446689880     
   2.7600000000000002       -1.3907859310405954     
   2.7700000000000000       -1.3670923419253054     
   2.7800000000000002       -1.3438932256711855     
   2.7900000000000000       -1.3211771092086093     
   2.8000000000000003       -1.2989327917224875     
   2.8100000000000001       -1.2771493384575237     
   2.8199999999999998       -1.2558160746533724     
   2.8300000000000001       -1.2349225796068304     
   2.8399999999999999       -1.2144586808582769     
   2.8500000000000001       -1.1944144484996921     
   2.8599999999999999       -1.1747801896017664     
   2.8700000000000001       -1.1555464427576112     
   2.8799999999999999       -1.1367039727407844     
   2.8900000000000001       -1.1182437652753421     
   2.8999999999999999       -1.1001570219157615     
   2.9100000000000001       -1.0824351550346174     
   2.9199999999999999       -1.0650697829159805     
   2.9300000000000002       -1.0480527249525557     
   2.9399999999999999       -1.0313759969446230     
   2.9500000000000002       -1.0150318064989174     
   2.9600000000000000      -0.99901254852560595     
   2.9700000000000002      -0.98331080083157141     
   2.9800000000000000      -0.96791931980824852     
   2.9900000000000002      -0.95283103621230625     
   3.0000000000000000      -0.93803905103747687     
   3.0100000000000002      -0.92353663147588283     
   3.0200000000000000      -0.90931720696725338     
   3.0300000000000002      -0.89537436533440184     
   3.0400000000000000      -0.88170184900342274     
   3.0500000000000003      -0.86829355130704144     
   3.0600000000000001      -0.85514351286960044     
   3.0699999999999998      -0.84224591807217197     
   3.0800000000000001      -0.82959509159632738     
   3.0899999999999999      -0.81718549504508775     
   3.1000000000000001      -0.80501172363962514     
   3.1099999999999999      -0.79306850299028231     
   3.1200000000000001      -0.78135068594051871     
   3.1299999999999999      -0.76985324948238443     
   3.1400000000000001      -0.75857129174216475     
   3.1499999999999999      -0.74750002903483692     
   3.1600000000000001      -0.73663479298601342     
   3.1699999999999999      -0.72597102772005839     
   3.1800000000000002      -0.71550428711306113     
   3.1899999999999999      -0.70523023210941627     
   3.2000000000000002      -0.69514462810071487     
   3.2100000000000000      -0.68524334236572471     
   3.2200000000000002      -0.67552234157021063     
   3.2300000000000000      -0.66597768932539902     
   3.2400000000000002      -0.65660554380386704     
   3.2500000000000000      -0.64740215541170754     
   3.2600000000000002      -0.63836386451577287     
   3.2700000000000000      -0.62948709922488177     
   3.2800000000000002      -0.62076837322383460     
   3.2900000000000000      -0.61220428365914714     
   3.3000000000000003      -0.60379150907538381     
   3.3100000000000001      -0.59552680740103536     
   3.3200000000000003      -0.58740701398285522     
   3.3300000000000001      -0.57942903966763115     
   3.3399999999999999      -0.57158986893034092     
   3.3500000000000001      -0.56388655804770071     
   3.3599999999999999      -0.55631623331609636     
   3.3700000000000001      -0.54887608931292298     
   3.3799999999999999      -0.54156338720037034     
   3.3900000000000001      -0.53437545307070888     
   3.3999999999999999      -0.52730967633214698     
   3.4100000000000001      -0.52036350813433885     
   3.4199999999999999      -0.51353445983266022     
   3.4300000000000002      -0.50682010149035350     
   3.4399999999999999      -0.50021806041769290     
   3.4500000000000002      -0.49372601974730929     
   3.4600000000000000      -0.48734171704484741     
   3.4700000000000002      -0.48106294295413421     
   3.4800000000000000      -0.47488753987606114     
   3.4900000000000002      -0.46881340068038718     
   3.5000000000000000      -0.46283846744969498     
   3.5100000000000002      -0.45696073025474448     
   3.5200000000000000      -0.45117822596048174     
   3.5300000000000002      -0.44548903706197118     
   3.5400000000000000      -0.43989129054955145     
   3.5500000000000003      -0.43438315680250289     
   3.5600000000000001      -0.42896284851055694     
   3.5700000000000003      -0.42362861962256443     
   3.5800000000000001      -0.41837876432168503     
   3.5899999999999999      -0.41321161602643708     
   3.6000000000000001      -0.40812554641699605     
   3.6099999999999999      -0.40311896448611934     
   3.6200000000000001      -0.39819031561409596     
   3.6299999999999999      -0.39333808066713805     
   3.6400000000000001      -0.38856077511863146     
   3.6499999999999999      -0.38385694819269311     
   3.6600000000000001      -0.37922518202947064     
   3.6699999999999999      -0.37466409087166114     
   3.6800000000000002      -0.37017232027171104     
   3.6899999999999999      -0.36574854631919185     
   3.7000000000000002      -0.36139147488784074     
   3.7100000000000000      -0.35709984090178282     
   3.7200000000000002      -0.35287240762045008     
   3.7300000000000000      -0.34870796594172793     
   3.7400000000000002      -0.34460533372287572     
   3.7500000000000000      -0.34056335511876895     
   3.7600000000000002      -0.33658089993702689     
   3.7700000000000000      -0.33265686300960318     
   3.7800000000000002      -0.32879016358041613     
   3.7900000000000000      -0.32497974470861807     
   3.8000000000000003      -0.32122457268709975     
   3.8100000000000001      -0.31752363647585125     
   3.8200000000000003      -0.31387594714979000     
   3.8300000000000001      -0.31028053736069661     
   3.8399999999999999      -0.30673646081289063     
   3.8500000000000001      -0.30324279175229896     
   3.8599999999999999      -0.29979862446857369     
   3.8700000000000001      -0.29640307280991807     
   3.8799999999999999      -0.29305526971030649     
   3.8900000000000001      -0.28975436672876625     
   3.8999999999999999      -0.28649953360042063     
   3.9100000000000001      -0.28328995779898397     
   3.9199999999999999      -0.28012484411041827     
   3.9300000000000002      -0.27700341421745606     
   3.9399999999999999      -0.27392490629471949     
   3.9500000000000002      -0.27088857461414811     
   3.9600000000000000      -0.26789368916048084     
   3.9700000000000002      -0.26493953525652286     
   3.9800000000000000      -0.26202541319794925     
   3.9900000000000002      -0.25915063789739301     
   4.0000000000000000      -0.25631453853758307     
   4.0099999999999998      -0.25351645823328806     
   4.0199999999999996      -0.25075575370184672     
   4.0300000000000002      -0.24803179494205449     
   4.0400000000000000      -0.24534396492119168     
   4.0500000000000007      -0.24269165926998063     
   4.0600000000000005      -0.24007428598526726     
   4.0700000000000003      -0.23749126514022151     
   4.0800000000000001      -0.23494202860186589     
   4.0899999999999999      -0.23242601975573726     
   4.0999999999999996      -0.22994269323749689     
   4.1099999999999994      -0.22749151467130962     
   4.1200000000000001      -0.22507196041481178     
   4.1299999999999999      -0.22268351731049971     
   4.1400000000000006      -0.22032568244336809     
   4.1500000000000004      -0.21799796290463827     
   4.1600000000000001      -0.21569987556141451     
   4.1699999999999999      -0.21343094683211639     
   4.1799999999999997      -0.21119071246753365     
   4.1899999999999995      -0.20897871733736015     
   4.2000000000000002      -0.20679451522206044     
   4.2100000000000000      -0.20463766860993368     
   4.2200000000000006      -0.20250774849923422     
   4.2300000000000004      -0.20040433420522391     
   4.2400000000000002      -0.19832701317202028     
   4.2500000000000000      -0.19627538078912091     
   4.2599999999999998      -0.19424904021247949     
   4.2700000000000005      -0.19224760219001605     
   4.2800000000000002      -0.19027068489144622     
   4.2900000000000000      -0.18831791374231432     
   4.2999999999999998      -0.18638892126212536     
   4.3100000000000005      -0.18448334690646562     
   4.3200000000000003      -0.18260083691301068     
   4.3300000000000001      -0.18074104415131612     
   4.3399999999999999      -0.17890362797629877     
   4.3499999999999996      -0.17708825408530635     
   4.3600000000000003      -0.17529459437868589     
   4.3700000000000001      -0.17352232682376059     
   4.3799999999999999      -0.17177113532212374     
   4.3899999999999997      -0.17004070958016682     
   4.4000000000000004      -0.16833074498275746     
   4.4100000000000001      -0.16664094246998490     
   4.4199999999999999      -0.16497100841689225     
   4.4299999999999997      -0.16332065451612340     
   4.4400000000000004      -0.16168959766340382     
   4.4500000000000002      -0.16007755984578576     
   4.4600000000000000      -0.15848426803258409     
   4.4699999999999998      -0.15690945406893619     
   4.4800000000000004      -0.15535285457191605     
   4.4900000000000002      -0.15381421082913813     
   4.5000000000000000      -0.15229326869978682     
   4.5099999999999998      -0.15078977851800876     
   4.5200000000000005      -0.14930349499860876     
   4.5300000000000002      -0.14783417714498862     
   4.5400000000000000      -0.14638158815927232     
   4.5499999999999998      -0.14494549535456272     
   4.5600000000000005      -0.14352567006927219     
   4.5700000000000003      -0.14212188758347966     
   4.5800000000000001      -0.14073392703725512     
   4.5899999999999999      -0.13936157135090910     
   4.6000000000000005      -0.13800460714711227     
   4.6100000000000003      -0.13666282467484175     
   4.6200000000000001      -0.13533601773510445     
   4.6299999999999999      -0.13402398360839529     
   4.6399999999999997      -0.13272652298384427     
   4.6500000000000004      -0.13144343989001123     
   4.6600000000000001      -0.13017454162728595     
   4.6699999999999999      -0.12891963870185216     
   4.6799999999999997      -0.12767854476117885     
   4.6900000000000004      -0.12645107653099663     
   4.7000000000000002      -0.12523705375372632     
   4.7100000000000000      -0.12403629912831887     
   4.7199999999999998      -0.12284863825147380     
   4.7300000000000004      -0.12167389956020228     
   4.7400000000000002      -0.12051191427569882     
   4.7500000000000000      -0.11936251634849068     
   4.7599999999999998      -0.11822554240483303     
   4.7700000000000005      -0.11710083169431793     
   4.7800000000000002      -0.11598822603866867     
   4.7900000000000000      -0.11488756978168738     
   4.7999999999999998      -0.11379870974033041     
   4.8100000000000005      -0.11272149515688144     
   4.8200000000000003      -0.11165577765219591     
   4.8300000000000001      -0.11060141117999027     
   4.8399999999999999      -0.10955825198215077     
   4.8500000000000005      -0.10852615854503540     
   4.8600000000000003      -0.10750499155674693     
   4.8700000000000001      -0.10649461386535046     
   4.8799999999999999      -0.10549489043801392     
   4.8899999999999997      -0.10450568832105012     
   4.9000000000000004      -0.10352687660083508     
   4.9100000000000001      -0.10255832636558483     
   4.9199999999999999      -0.10159991066796710     
   4.9299999999999997      -0.10065150448852953     
   4.9400000000000004       -9.9712984699923179E-002
   4.9500000000000002       -9.8784230031903481E-002
   4.9600000000000000       -9.7865121037088429E-002
   4.9699999999999998       -9.6955540057456727E-002
   4.9800000000000004       -9.6055371191568067E-002
   4.9900000000000002       -9.5164500262487711E-002
   5.0000000000000000       -9.4282814786398286E-002
   5.0099999999999998       -9.3410203941883749E-002
   5.0200000000000005       -9.2546558539867235E-002
   5.0300000000000002       -9.1691770994190097E-002
   5.0400000000000000       -9.0845735292813035E-002
   5.0499999999999998       -9.0008346969628783E-002
   5.0600000000000005       -8.9179503076868449E-002
   5.0700000000000003       -8.8359102158089425E-002
   5.0800000000000001       -8.7547044221730014E-002
   5.0899999999999999       -8.6743230715218209E-002
   5.1000000000000005       -8.5947564499621140E-002
   5.1100000000000003       -8.5159949824822542E-002
   5.1200000000000001       -8.4380292305215959E-002
   5.1299999999999999       -8.3608498895901232E-002
   5.1399999999999997       -8.2844477869373559E-002
   5.1500000000000004       -8.2088138792691820E-002
   5.1600000000000001       -8.1339392505117736E-002
   5.1699999999999999       -8.0598151096211393E-002
   5.1799999999999997       -7.9864327884375669E-002
   5.1900000000000004       -7.9137837395837976E-002
   5.2000000000000002       -7.8418595344058858E-002
   5.2100000000000000       -7.7706518609557962E-002
   5.2199999999999998       -7.7001525220147998E-002
   5.2300000000000004       -7.6303534331567183E-002
   5.2400000000000002       -7.5612466208500845E-002
   5.2500000000000000       -7.4928242205983667E-002
