  0.26000000000000001        1560.7394136093042     
  0.27000000000000002        1507.8284249683759     
  0.28000000000000003        1454.7064741260099     
  0.28999999999999998        1401.5076419835802     
  0.29999999999999999        1348.3613344775893     
  0.31000000000000000        1295.3918418996016     
  0.32000000000000001        1242.7179554955089     
  0.33000000000000002        1190.4526412363809     
  0.33999999999999997        1138.7027700118674     
  0.34999999999999998        1087.5689029021569     
  0.35999999999999999        1037.1451296441678     
  0.37000000000000000        987.51895792890991     
  0.38000000000000000        938.77125075556910     
  0.39000000000000001        890.97620872759410     
  0.40000000000000002        844.20139390960139     
  0.41000000000000003        798.50779167176847     
  0.42000000000000004        753.94990682959906     
  0.42999999999999999        710.57589033897455     
  0.44000000000000000        668.42769282490394     
  0.45000000000000001        627.54124130191383     
  0.45999999999999996        587.94663557763590     
  0.46999999999999997        549.66836101118088     
  0.47999999999999998        512.72551451569439     
  0.48999999999999999        477.13204094133545     
  0.50000000000000000        442.89697724137631     
  0.51000000000000001        410.02470210172584     
  0.52000000000000002        378.51518899394335     
  0.53000000000000003        348.36426088626837     
  0.54000000000000004        319.56384510932651     
  0.55000000000000004        292.10222711701539     
  0.56000000000000005        265.96430210427292     
  0.57000000000000006        241.13182363838084     
  0.58000000000000007        217.58364862725978     
  0.59000000000000008        195.29597808597725     
  0.60000000000000009        174.24259327190174     
  0.60999999999999999        154.39508684085359     
  0.62000000000000000        135.72308873367948     
  0.63000000000000000        118.19448653790963     
  0.64000000000000001        101.77564008584163     
  0.65000000000000002        86.431590052798427     
  0.66000000000000003        72.126260310841758     
  0.66999999999999993        58.822653778181362     
  0.67999999999999994        46.483041486374447     
  0.68999999999999995        35.069144569424616     
  0.69999999999999996        24.542308864037043     
  0.70999999999999996        14.863671800849735     
  0.71999999999999997        5.9943212640982688     
  0.72999999999999998       -2.1045538966541786     
  0.73999999999999999       -9.4715220040733090     
  0.75000000000000000       -16.144775616934886     
  0.76000000000000001       -22.162007764310317     
  0.77000000000000002       -27.560297552876495     
  0.78000000000000003       -32.376005301850526     
  0.79000000000000004       -36.644677306113877     
  0.80000000000000004       -40.400960269610934     
  0.81000000000000005       -43.678525389933249     
  0.82000000000000006       -46.510002012446236     
  0.82999999999999996       -48.926920709999948     
  0.83999999999999997       -50.959665583510386     
  0.84999999999999998       -52.637435520816666     
  0.85999999999999999       -53.988214097285422     
  0.87000000000000000       -55.038747752607769     
  0.88000000000000000       -55.814531834775387     
  0.89000000000000001       -56.339804064950059     
  0.90000000000000002       -56.637544946138213     
  0.91000000000000003       -56.729484614442391     
  0.92000000000000004       -56.636115614183936     
  0.93000000000000005       -56.376711067230950     
  0.94000000000000006       -55.969347702168520     
  0.95000000000000007       -55.430933210116855     
  0.95999999999999996       -54.777237400605301     
  0.96999999999999997       -54.022926642427237     
  0.97999999999999998       -53.181601090268295     
  0.98999999999999999       -52.265834217522098     
   1.0000000000000000       -51.287214198532233     
   1.0100000000000000       -50.256386708889082     
   1.0200000000000000       -49.183098739830342     
   1.0300000000000000       -48.076243051699080     
   1.0400000000000000       -46.943902921277683     
   1.0500000000000000       -45.793396868195060     
   1.0600000000000001       -44.631323076055970     
   1.0700000000000001       -43.463603254105671     
   1.0800000000000001       -42.295525714780609     
   1.0899999999999999       -41.131787471132107     
   1.1000000000000001       -39.976535185593832     
   1.1099999999999999       -38.833404827752531     
   1.1200000000000001       -37.705559923435658     
   1.1299999999999999       -36.595728300558932     
   1.1400000000000001       -35.506237258585109     
   1.1499999999999999       -34.439047108183409     
   1.1600000000000001       -33.395783045674094     
   1.1699999999999999       -32.377765343131323     
   1.1800000000000002       -31.386037849618788     
   1.1899999999999999       -30.421394811994890     
   1.2000000000000002       -29.484406035116418     
   1.2100000000000000       -28.575440411157107     
   1.2200000000000000       -27.694687856224583     
   1.2300000000000000       -26.842179699600539     
   1.2400000000000000       -26.017807576830236     
   1.2500000000000000       -25.221340882647759     
   1.2600000000000000       -24.452442843441681     
   1.2700000000000000       -23.710685271728092     
   1.2800000000000000       -22.995562067014955     
   1.2900000000000000       -22.306501528580601     
   1.3000000000000000       -21.642877546164460     
   1.3100000000000001       -21.004019734435115     
   1.3200000000000001       -20.389222576462636     
   1.3300000000000001       -19.797753640333610     
   1.3400000000000001       -19.228860931583796     
   1.3500000000000001       -18.681779442352422     
   1.3600000000000001       -18.155736956128763     
   1.3700000000000001       -17.649959164729072     
   1.3800000000000001       -17.163674151755398     
   1.3900000000000001       -16.696116294279442     
   1.4000000000000001       -16.246529631917969     
   1.4099999999999999       -15.814170749842491     
   1.4199999999999999       -15.398311219624720     
   1.4299999999999999       -14.998239639193972     
   1.4399999999999999       -14.613263310583314     
   1.4500000000000000       -14.242709591594663     
   1.4600000000000000       -13.885926955030230     
   1.4700000000000000       -13.542285786730092     
   1.4800000000000000       -13.211178951337041     
   1.4900000000000000       -12.892022152482802     
   1.5000000000000000       -12.584254111964677     
   1.5100000000000000       -12.287336590457359     
   1.5200000000000000       -12.000754270390269     
   1.5300000000000000       -11.724014519807936     
   1.5400000000000000       -11.456647054330885     
   1.5500000000000000       -11.198203512735688     
   1.5600000000000001       -10.948256960179474     
   1.5700000000000001       -10.706401331703901     
   1.5800000000000001       -10.472250827358808     
   1.5900000000000001       -10.245439269088138     
   1.6000000000000001       -10.025619428412774     
   1.6100000000000001       -9.8124623329252465     
   1.6200000000000001       -9.6056565586726581     
   1.6300000000000001       -9.4049075146460801     
   1.6400000000000001       -9.2099367248083652     
   1.6500000000000001       -9.0204811123774338     
   1.6599999999999999       -8.8362922904320378     
   1.6699999999999999       -8.6571358623169470     
   1.6799999999999999       -8.4827907347935021     
   1.6899999999999999       -8.3130484464008525     
   1.7000000000000000       -8.1477125130640733     
   1.7100000000000000       -7.9865977925992278     
   1.7200000000000000       -7.8295298694232409     
   1.7300000000000000       -7.6763444604705953     
   1.7400000000000000       -7.5268868430502458     
   1.7500000000000000       -7.3810113051376147     
   1.7600000000000000       -7.2385806183897685     
   1.7700000000000000       -7.0994655339891937     
   1.7800000000000000       -6.9635443012658804     
   1.7900000000000000       -6.8307022089112399     
   1.8000000000000000       -6.7008311484830099     
   1.8100000000000001       -6.5738291998021996     
   1.8200000000000001       -6.4496002377622474     
   1.8300000000000001       -6.3280535600032426     
   1.8400000000000001       -6.2091035348498140     
   1.8500000000000001       -6.0926692688683408     
   1.8600000000000001       -5.9786742933662858     
   1.8700000000000001       -5.8670462691324294     
   1.8800000000000001       -5.7577167087003716     
   1.8900000000000001       -5.6506207154085599     
   1.9000000000000001       -5.5456967385260620     
   1.9100000000000001       -5.4428863437153661     
   1.9199999999999999       -5.3421339981090714     
   1.9299999999999999       -5.2433868692870593     
   1.9399999999999999       -5.1465946374536724     
   1.9500000000000000       -5.0517093201296559     
   1.9600000000000000       -4.9586851086912240     
   1.9700000000000000       -4.8674782161080223     
   1.9800000000000000       -4.7780467352522020     
   1.9900000000000000       -4.6903505071726288     
   2.0000000000000000       -4.6043509987508857     
   2.0099999999999998       -4.5200111891781765     
   2.0200000000000000       -4.4372954647161418     
   2.0300000000000002       -4.3561695212274492     
   2.0400000000000000       -4.2766002739854843     
   2.0499999999999998       -4.1985557742956301     
   2.0600000000000001       -4.1220051324832880     
   2.0700000000000003       -4.0469184468262229     
   2.0800000000000001       -3.9732667380306119     
   2.0899999999999999       -3.9010218888714649     
   2.1000000000000001       -3.8301565886389137     
   2.1100000000000003       -3.7606442820516843     
   2.1200000000000001       -3.6924591223184295     
   2.1299999999999999       -3.6255759280463109     
   2.1400000000000001       -3.5599701437140401     
   2.1500000000000004       -3.4956178034435346     
   2.1600000000000001       -3.4324954978211166     
   2.1699999999999999       -3.3705803435344071     
   2.1799999999999997       -3.3098499556062961     
   2.1899999999999999       -3.2502824220214031     
   2.2000000000000002       -3.1918562805539534     
   2.2100000000000000       -3.1345504976188274     
   2.2199999999999998       -3.0783444489795153     
   2.2300000000000000       -3.0232179021584518     
   2.2400000000000002       -2.9691510004056463     
   2.2500000000000000       -2.9161242480920464     
   2.2600000000000002       -2.8641184974035823     
   2.2700000000000000       -2.8131149362208179     
   2.2800000000000002       -2.7630950770778231     
   2.2900000000000000       -2.7140407471016785     
   2.2999999999999998       -2.6659340788417221     
   2.3100000000000001       -2.6187575019044473     
   2.3199999999999998       -2.5724937353168236     
   2.3300000000000001       -2.5271257805466041     
   2.3399999999999999       -2.4826369151143179     
   2.3500000000000001       -2.4390106867366335     
   2.3599999999999999       -2.3962309079460797     
   2.3700000000000001       -2.3542816511365565     
   2.3799999999999999       -2.3131472439884693     
   2.3900000000000001       -2.2728122652314053     
   2.3999999999999999       -2.2332615407058301     
   2.4100000000000001       -2.1944801396889528     
   2.4199999999999999       -2.1564533714529519     
   2.4300000000000002       -2.1191667820267903     
   2.4399999999999999       -2.0826061511356073     
   2.4500000000000002       -2.0467574892941500     
   2.4600000000000000       -2.0116070350330877     
   2.4700000000000002       -1.9771412522392049     
   2.4800000000000000       -1.9433468275924095     
   2.4900000000000002       -1.9102106680843502     
   2.5000000000000000       -1.8777198986051056     
   2.5100000000000002       -1.8458618595858922     
   2.5200000000000000       -1.8146241046872236     
   2.5300000000000002       -1.7839943985231241     
   2.5400000000000000       -1.7539607144132858     
   2.5500000000000003       -1.7245112321560165     
   2.5600000000000001       -1.6956343358158619     
   2.5699999999999998       -1.6673186115206424     
   2.5800000000000001       -1.6395528452634365     
   2.5899999999999999       -1.6123260207057708     
   2.6000000000000001       -1.5856273169788959     
   2.6099999999999999       -1.5594461064806917     
   2.6200000000000001       -1.5337719526661433     
   2.6299999999999999       -1.5085946078299228     
   2.6400000000000001       -1.4839040108799579     
   2.6499999999999999       -1.4596902851012383     
   2.6600000000000001       -1.4359437359094853     
   2.6699999999999999       -1.4126548485945636     
   2.6800000000000002       -1.3898142860537621     
   2.6899999999999999       -1.3674128865153317     
   2.7000000000000002       -1.3454416612528055     
   2.7100000000000000       -1.3238917922908462     
   2.7200000000000002       -1.3027546301034574     
   2.7300000000000000       -1.2820216913055467     
   2.7400000000000002       -1.2616846563388964     
   2.7500000000000000       -1.2417353671537184     
   2.7600000000000002       -1.2221658248869678     
   2.7700000000000000       -1.2029681875387215     
   2.7800000000000002       -1.1841347676478564     
   2.7900000000000000       -1.1656580299684121     
   2.8000000000000003       -1.1475305891479017     
   2.8100000000000001       -1.1297452074089454     
   2.8199999999999998       -1.1122947922355249     
   2.8300000000000001       -1.0951723940651834     
   2.8399999999999999       -1.0783712039884576     
   2.8500000000000001       -1.0618845514567998     
   2.8599999999999999       -1.0457059020002455     
   2.8700000000000001       -1.0298288549560035     
   2.8799999999999999       -1.0142471412091554     
   2.8900000000000001      -0.99895462094657450     
   2.8999999999999999      -0.98394528142514803     
   2.9100000000000001      -0.96921323475534915     
   2.9199999999999999      -0.95475271570112974     
   2.9300000000000002      -0.94055807949710368     
   2.9399999999999999      -0.92662379968389030     
   2.9500000000000002      -0.91294446596248247     
   2.9600000000000000      -0.89951478206843605     
   2.9700000000000002      -0.88632956366662208     
   2.9800000000000000      -0.87338373626725152     
   2.9900000000000002      -0.86067233316383096     
   3.0000000000000000      -0.84819049339364228     
   3.0100000000000002      -0.83593345972132238     
   3.0200000000000000      -0.82389657664605365     
   3.0300000000000002      -0.81207528843282750     
   3.0400000000000000      -0.80046513716822576     
   3.0500000000000003      -0.78906176084109170     
   3.0600000000000001      -0.77786089144843973     
   3.0699999999999998      -0.76685835312691364     
   3.0800000000000001      -0.75605006031005340     
   3.0899999999999999      -0.74543201591160380     
   3.1000000000000001      -0.73500030953506168     
   3.1099999999999999      -0.72475111570961415     
   3.1200000000000001      -0.71468069215260521     
   3.1299999999999999      -0.70478537805861863     
   3.1400000000000001      -0.69506159241524657     
   3.1499999999999999      -0.68550583234557905     
   3.1600000000000001      -0.67611467147742765     
   3.1699999999999999      -0.66688475833926586     
   3.1800000000000002      -0.65781281478283726     
   3.1899999999999999      -0.64889563443238540     
   3.2000000000000002      -0.64013008116039860     
   3.2100000000000000      -0.63151308758977642     
   3.2200000000000002      -0.62304165362228747     
   3.2300000000000000      -0.61471284499316925     
   3.2400000000000002      -0.60652379185171224     
   3.2500000000000000      -0.59847168736764966     
   3.2600000000000002      -0.59055378636315015     
   3.2700000000000000      -0.58276740397022131     
   3.2800000000000002      -0.57510991431328284     
   3.2900000000000000      -0.56757874921669538     
   3.3000000000000003      -0.56017139693698259     
   3.3100000000000001      -0.55288540091950722     
   3.3200000000000003      -0.54571835857932172     
   3.3300000000000001      -0.53866792010593501     
   3.3399999999999999      -0.53173178729169812     
   3.3500000000000001      -0.52490771238353406     
   3.3599999999999999      -0.51819349695771288     
   3.3700000000000001      -0.51158699081736347     
   3.3799999999999999      -0.50508609091243140     
   3.3900000000000001      -0.49868874028175753     
   3.3999999999999999      -0.49239292701697684     
   3.4100000000000001      -0.48619668324790810     
   3.4199999999999999      -0.48009808414912652     
   3.4300000000000002      -0.47409524696738353     
   3.4399999999999999      -0.46818633006956656     
   3.4500000000000002      -0.46236953201085462     
   3.4600000000000000      -0.45664309062276109     
   3.4700000000000002      -0.45100528212072305     
   3.4800000000000000      -0.44545442023092169     
   3.4900000000000002      -0.43998885533599696     
   3.5000000000000000      -0.43460697363934142     
   3.5100000000000002      -0.42930719634763703     
   3.5200000000000000      -0.42408797887132210     
   3.5300000000000002      -0.41894781004265635     
   3.5400000000000000      -0.41388521135107215     
   3.5500000000000003      -0.40889873619548589     
   3.5600000000000001      -0.40398696915326132     
   3.5700000000000003      -0.39914852526550004     
   3.5800000000000001      -0.39438204933836168     
   3.5899999999999999      -0.38968621526009195     
   3.6000000000000001      -0.38505972533346305     
   3.6099999999999999      -0.38050130962331796     
   3.6200000000000001      -0.37600972531892268     
   3.6299999999999999      -0.37158375611082894     
   3.6400000000000001      -0.36722221158195567     
   3.6499999999999999      -0.36292392661260248     
   3.6600000000000001      -0.35868776079910336     
   3.6699999999999999      -0.35451259788585043     
   3.6800000000000002      -0.35039734521039745     
   3.6899999999999999      -0.34634093316138076     
   3.7000000000000002      -0.34234231464898007     
   3.7100000000000000      -0.33840046458765766     
   3.7200000000000002      -0.33451437939091244     
   3.7300000000000000      -0.33068307647779177     
   3.7400000000000002      -0.32690559379090739     
   3.7500000000000000      -0.32318098932570688     
   3.7600000000000002      -0.31950834067075257     
   3.7700000000000000      -0.31588674455877097     
   3.7800000000000002      -0.31231531642823046     
   3.7900000000000000      -0.30879318999521937     
   3.8000000000000003      -0.30531951683539071     
   3.8100000000000001      -0.30189346597575339     
   3.8200000000000003      -0.29851422349608442     
   3.8300000000000001      -0.29518099213974913     
   3.8399999999999999      -0.29189299093371546     
   3.8500000000000001      -0.28864945481755261     
   3.8599999999999999      -0.28544963428121189     
   3.8700000000000001      -0.28229279501138449     
   3.8799999999999999      -0.27917821754624672     
   3.8900000000000001      -0.27610519693839058     
   3.8999999999999999      -0.27307304242575908     
   3.9100000000000001      -0.27008107711039453     
   3.9199999999999999      -0.26712863764482320     
   3.9300000000000002      -0.26421507392589377     
   3.9399999999999999      -0.26133974879590000     
   3.9500000000000002      -0.25850203775081326     
   3.9600000000000000      -0.25570132865546036     
   3.9700000000000002      -0.25293702146548147     
   3.9800000000000000      -0.25020852795591070     
   3.9900000000000002      -0.24751527145621746     
   4.0000000000000000      -0.24485668659166362     
   4.0099999999999998      -0.24223221903081762     
   4.0199999999999996      -0.23964132523908527     
   4.0300000000000002      -0.23708347223811116     
   4.0400000000000000      -0.23455813737091138     
   4.0500000000000007      -0.23206480807259797     
   4.0600000000000005      -0.22960298164656581     
   4.0700000000000003      -0.22717216504600524     
   4.0800000000000001      -0.22477187466061624     
   4.0899999999999999      -0.22240163610839828     
   4.0999999999999996      -0.22006098403239086     
   4.1099999999999994      -0.21774946190224906     
   4.1200000000000001      -0.21546662182053355     
   4.1299999999999999      -0.21321202433360439     
   4.1400000000000006      -0.21098523824700219     
   4.1500000000000004      -0.20878584044521495     
   4.1600000000000001      -0.20661341571571507     
   4.1699999999999999      -0.20446755657717147     
   4.1799999999999997      -0.20234786311172903     
   4.1899999999999995      -0.20025394280125869     
   4.2000000000000002      -0.19818541036748202     
   4.2100000000000000      -0.19614188761587409     
   4.2200000000000006      -0.19412300328325285     
   4.2300000000000004      -0.19212839288896702     
   4.2400000000000002      -0.19015769858959089     
   4.2500000000000000      -0.18821056903704347     
   4.2599999999999998      -0.18628665924004634     
   4.2700000000000005      -0.18438563042883971     
   4.2800000000000002      -0.18250714992307629     
   4.2900000000000000      -0.18065089100281384     
   4.2999999999999998      -0.17881653278253368     
   4.3100000000000005      -0.17700376008810792     
   4.3200000000000003      -0.17521226333664519     
   4.3300000000000001      -0.17344173841914207     
   4.3399999999999999      -0.17169188658587417     
   4.3499999999999996      -0.16996241433445802     
   4.3600000000000003      -0.16825303330051772     
   4.3700000000000001      -0.16656346015089474     
   4.3799999999999999      -0.16489341647933561     
   4.3899999999999997      -0.16324262870459938     
   4.4000000000000004      -0.16161082797092330     
   4.4100000000000001      -0.15999775005079206     
   4.4199999999999999      -0.15840313524994881     
   4.4299999999999997      -0.15682672831459935     
   4.4400000000000004      -0.15526827834075110     
   4.4500000000000002      -0.15372753868563702     
   4.4600000000000000      -0.15220426688117139     
   4.4699999999999998      -0.15069822454939058     
   4.4800000000000004      -0.14920917731982739     
   4.4900000000000002      -0.14773689474877369     
   4.5000000000000000      -0.14628115024038404     
   4.5099999999999998      -0.14484172096957554     
   4.5200000000000005      -0.14341838780668137     
   4.5300000000000002      -0.14201093524381306     
   4.5400000000000000      -0.14061915132289096     
   4.5499999999999998      -0.13924282756530312     
   4.5600000000000005      -0.13788175890315066     
   4.5700000000000003      -0.13653574361204435     
   4.5800000000000001      -0.13520458324541035     
   4.5899999999999999      -0.13388808257027265     
   4.6000000000000005      -0.13258604950447359     
   4.6100000000000003      -0.13129829505529950     
   4.6200000000000001      -0.13002463325947475     
   4.6299999999999999      -0.12876488112449469     
   4.6399999999999997      -0.12751885857126138     
   4.6500000000000004      -0.12628638837799375     
   4.6600000000000001      -0.12506729612537967     
   4.6699999999999999      -0.12386141014293939     
   4.6799999999999997      -0.12266856145657350     
   4.6900000000000004      -0.12148858373726470     
   4.7000000000000002      -0.12032131325090695     
   4.7100000000000000      -0.11916658880923364     
   4.7199999999999998      -0.11802425172181977     
   4.7300000000000004      -0.11689414574913164     
   4.7400000000000002      -0.11577611705659943     
   4.7500000000000000      -0.11467001416968717     
   4.7599999999999998      -0.11357568792993765     
   4.7700000000000005      -0.11249299145196801     
   4.7800000000000002      -0.11142178008139438     
   4.7900000000000000      -0.11036191135366159     
   4.7999999999999998      -0.10931324495375894     
   4.8100000000000005      -0.10827564267679898     
   4.8200000000000003      -0.10724896838943988     
   4.8300000000000001      -0.10623308799213081     
   4.8399999999999999      -0.10522786938216171     
   4.8500000000000005      -0.10423318241749721     
   4.8600000000000003      -0.10324889888137838     
   4.8700000000000001      -0.10227489244767075     
   4.8799999999999999      -0.10131103864694491     
   4.8899999999999997      -0.10035721483326997     
   4.9000000000000004       -9.9413300151704104E-002
   4.9100000000000001       -9.8479175506465677E-002
   4.9199999999999999       -9.7554723529768961E-002
   4.9299999999999997       -9.6639828551309329E-002
   4.9400000000000004       -9.5734376568382240E-002
   4.9500000000000002       -9.4838255216622314E-002
   4.9600000000000000       -9.3951353741346028E-002
   4.9699999999999998       -9.3073562969486975E-002
   4.9800000000000004       -9.2204775282107299E-002
   4.9900000000000002       -9.1344884587473793E-002
   5.0000000000000000       -9.0493786294684339E-002
   5.0099999999999998       -8.9651377287833400E-002
   5.0200000000000005       -8.8817555900702658E-002
   5.0300000000000002       -8.7992221891966510E-002
   5.0400000000000000       -8.7175276420898534E-002
   5.0499999999999998       -8.6366622023569553E-002
   5.0600000000000005       -8.5566162589524722E-002
   5.0700000000000003       -8.4773803338929393E-002
   5.0800000000000001       -8.3989450800172477E-002
   5.0899999999999999       -8.3213012787917817E-002
   5.1000000000000005       -8.2444398381592510E-002
   5.1100000000000003       -8.1683517904303421E-002
   5.1200000000000001       -8.0930282902170622E-002
   5.1299999999999999       -8.0184606124069829E-002
   5.1399999999999997       -7.9446401501774511E-002
   5.1500000000000004       -7.8715584130487459E-002
   5.1600000000000001       -7.7992070249754838E-002
   5.1699999999999999       -7.7275777224752595E-002
   5.1799999999999997       -7.6566623527938027E-002
   5.1900000000000004       -7.5864528721058200E-002
   5.2000000000000002       -7.5169413437506785E-002
   5.2100000000000000       -7.4481199365021872E-002
   5.2199999999999998       -7.3799809228717594E-002
   5.2300000000000004       -7.3125166774441697E-002
   5.2400000000000002       -7.2457196752452269E-002
   5.2500000000000000       -7.1795824901406041E-002
